0;unit_client;0;symbios::Client::Client;;;start
0;unit_client;0;symbios::Client::Client;1.73101;msecs;finish
0;unit_client;0;symbios::Client::StoreRequest;;;start
1;symbios_server;0;symbios::Server::StoreRequest;;;start
2;symbios_server;0;DataDistributionEngineFactory::GetDataDistributionEngine;;;start
2;symbios_server;0;DataDistributionEngineFactory::GetDataDistributionEngine;0.0044;msecs;finish
2;symbios_server;0;RandomDDE::Distribute;;;start
2;symbios_server;0;RandomDDE::Distribute;0.01355;msecs;finish
2;symbios_server;0;MetadataOrchestrator::Store;;;start
3;symbios_server;0;MetadataOrchestrator::Locate;;;start
4;symbios_server;0;IOFactory::GetIOClient;;;start
4;symbios_server;0;IOFactory::GetIOClient;0.00668;msecs;finish
4;symbios_server;0;FileIOClient::Read;;;start
4;symbios_server;0;FileIOClient::Read;0.02936;msecs;finish
3;symbios_server;0;MetadataOrchestrator::Locate;0.11379;msecs;finish
2;symbios_server;0;MetadataOrchestrator::Store;0.137451;msecs;finish
2;symbios_server;0;IOFactory::GetIOClient;;;start
2;symbios_server;0;IOFactory::GetIOClient;3.34335;msecs;finish
2;symbios_server;0;MongoIOClient::Write;;;start
3;symbios_server;0;MongoIOClient::Read;;;start
3;symbios_server;0;MongoIOClient::Read;0.331842;msecs;finish
2;symbios_server;0;MongoIOClient::Write;0.904176;msecs;finish
1;symbios_server;0;symbios::Server::StoreRequest;4.52419;msecs;finish
0;unit_client;0;symbios::Client::StoreRequest;6.44352;msecs;finish
0;unit_client;0;symbios::Client::LocateRequest;;;start
1;symbios_server;0;symbios::Server::LocateRequest;;;start
2;symbios_server;0;MetadataOrchestrator::Locate;;;start
3;symbios_server;0;IOFactory::GetIOClient;;;start
3;symbios_server;0;IOFactory::GetIOClient;0.00679;msecs;finish
3;symbios_server;0;MongoIOClient::Read;;;start
3;symbios_server;0;MongoIOClient::Read;0.264161;msecs;finish
3;symbios_server;0;IOFactory::GetIOClient;;;start
3;symbios_server;0;IOFactory::GetIOClient;0.00544;msecs;finish
3;symbios_server;0;FileIOClient::Read;;;start
3;symbios_server;0;FileIOClient::Read;0.01723;msecs;finish
2;symbios_server;0;MetadataOrchestrator::Locate;0.425233;msecs;finish
2;symbios_server;0;IOFactory::GetIOClient;;;start
2;symbios_server;0;IOFactory::GetIOClient;0.00473;msecs;finish
2;symbios_server;0;MongoIOClient::Read;;;start
2;symbios_server;0;MongoIOClient::Read;0.207281;msecs;finish
1;symbios_server;0;symbios::Server::LocateRequest;0.702655;msecs;finish
0;unit_client;0;symbios::Client::LocateRequest;1.09924;msecs;finish