1;unit_client;0;symbios::Client::Client;;;start
1;unit_client;0;symbios::Client::Client;1.45487;msecs;finish
1;unit_client;0;symbios::Client::StoreRequest;;;start
1;unit_client;0;symbios::Client::StoreRequest;7.6891;msecs;finish
1;unit_client;0;symbios::Client::LocateRequest;;;start
1;unit_client;0;symbios::Client::LocateRequest;1.2717;msecs;finish

1;symbios_server;0;symbios::Server::StoreRequest;;;start
2;symbios_server;0;DataDistributionEngineFactory::GetDataDistributionEngine;;;start
2;symbios_server;0;DataDistributionEngineFactory::GetDataDistributionEngine;0.004421;msecs;finish
2;symbios_server;0;RandomDDE::Distribute;;;start
2;symbios_server;0;RandomDDE::Distribute;0.01361;msecs;finish
2;symbios_server;0;MetadataOrchestrator::Store;;;start
3;symbios_server;0;MetadataOrchestrator::Locate;;;start
4;symbios_server;0;IOFactory::GetIOClient;;;start
4;symbios_server;0;IOFactory::GetIOClient;0.00663;msecs;finish
4;symbios_server;0;FileIOClient::Read;;;start
4;symbios_server;0;FileIOClient::Read;0.071451;msecs;finish
3;symbios_server;0;MetadataOrchestrator::Locate;0.124151;msecs;finish
3;symbios_server;0;IOFactory::GetIOClient;;;start
3;symbios_server;0;IOFactory::GetIOClient;0.00493;msecs;finish
3;symbios_server;0;FileIOClient::Read;;;start
3;symbios_server;0;FileIOClient::Read;0.05298;msecs;finish
3;symbios_server;0;IOFactory::GetIOClient;;;start
3;symbios_server;0;IOFactory::GetIOClient;3.18028;msecs;finish
3;symbios_server;0;MongoIOClient::Write;;;start
4;symbios_server;0;MongoIOClient::Read;;;start
4;symbios_server;0;MongoIOClient::Read;0.339822;msecs;finish
3;symbios_server;0;MongoIOClient::Write;0.687804;msecs;finish
3;symbios_server;0;IOFactory::GetIOClient;;;start
3;symbios_server;0;IOFactory::GetIOClient;0.660194;msecs;finish
3;symbios_server;0;RedisIOClient::Write;;;start
3;symbios_server;0;RedisIOClient::Write;0.435043;msecs;finish
2;symbios_server;0;MetadataOrchestrator::Store;5.36543;msecs;finish
2;symbios_server;0;IOFactory::GetIOClient;;;start
2;symbios_server;0;IOFactory::GetIOClient;0.00516;msecs;finish
2;symbios_server;0;MongoIOClient::Write;;;start
3;symbios_server;0;MongoIOClient::Read;;;start
3;symbios_server;0;MongoIOClient::Read;0.262542;msecs;finish
2;symbios_server;0;MongoIOClient::Write;0.481303;msecs;finish
1;symbios_server;0;symbios::Server::StoreRequest;5.97579;msecs;finish
1;symbios_server;0;symbios::Server::LocateRequest;;;start
2;symbios_server;0;MetadataOrchestrator::Locate;;;start
3;symbios_server;0;IOFactory::GetIOClient;;;start
3;symbios_server;0;IOFactory::GetIOClient;0.00621;msecs;finish
3;symbios_server;0;MongoIOClient::Read;;;start
3;symbios_server;0;MongoIOClient::Read;0.400242;msecs;finish
3;symbios_server;0;IOFactory::GetIOClient;;;start
3;symbios_server;0;IOFactory::GetIOClient;0.006;msecs;finish
3;symbios_server;0;FileIOClient::Read;;;start
3;symbios_server;0;FileIOClient::Read;0.025811;msecs;finish
2;symbios_server;0;MetadataOrchestrator::Locate;0.574414;msecs;finish
2;symbios_server;0;IOFactory::GetIOClient;;;start
2;symbios_server;0;IOFactory::GetIOClient;0.00544;msecs;finish
2;symbios_server;0;MongoIOClient::Read;;;start
2;symbios_server;0;MongoIOClient::Read;0.187361;msecs;finish
1;symbios_server;0;symbios::Server::LocateRequest;0.833275;msecs;finish


1;unit_client;0;symbios::Client::Client;;;start
1;unit_client;0;symbios::Client::Client;1.77249;msecs;finish
1;unit_client;0;symbios::Client::StoreRequest;;;start
1;unit_client;0;symbios::Client::StoreRequest;3.88285;msecs;finish
1;unit_client;0;symbios::Client::LocateRequest;;;start
1;unit_client;0;symbios::Client::LocateRequest;1.06806;msecs;finish

1;symbios_server;0;symbios::Server::StoreRequest;;;start
2;symbios_server;0;DataDistributionEngineFactory::GetDataDistributionEngine;;;start
2;symbios_server;0;DataDistributionEngineFactory::GetDataDistributionEngine;0.00491;msecs;finish
2;symbios_server;0;RandomDDE::Distribute;;;start
2;symbios_server;0;RandomDDE::Distribute;0.01731;msecs;finish
2;symbios_server;0;MetadataOrchestrator::Store;;;start
3;symbios_server;0;MetadataOrchestrator::Locate;;;start
4;symbios_server;0;IOFactory::GetIOClient;;;start
4;symbios_server;0;IOFactory::GetIOClient;0.00513;msecs;finish
4;symbios_server;0;FileIOClient::Read;;;start
4;symbios_server;0;FileIOClient::Read;0.0377;msecs;finish
3;symbios_server;0;MetadataOrchestrator::Locate;0.09658;msecs;finish
3;symbios_server;0;IOFactory::GetIOClient;;;start
3;symbios_server;0;IOFactory::GetIOClient;0.00514;msecs;finish
3;symbios_server;0;FileIOClient::Read;;;start
3;symbios_server;0;FileIOClient::Read;0.05746;msecs;finish
3;symbios_server;0;IOFactory::GetIOClient;;;start
3;symbios_server;0;IOFactory::GetIOClient;0.00517;msecs;finish
3;symbios_server;0;MongoIOClient::Write;;;start
4;symbios_server;0;MongoIOClient::Read;;;start
4;symbios_server;0;MongoIOClient::Read;0.501883;msecs;finish
3;symbios_server;0;MongoIOClient::Write;0.772965;msecs;finish
3;symbios_server;0;IOFactory::GetIOClient;;;start
3;symbios_server;0;IOFactory::GetIOClient;0.00567;msecs;finish
3;symbios_server;0;RedisIOClient::Write;;;start
3;symbios_server;0;RedisIOClient::Write;0.392223;msecs;finish
2;symbios_server;0;MetadataOrchestrator::Store;1.52366;msecs;finish
2;symbios_server;0;IOFactory::GetIOClient;;;start
2;symbios_server;0;IOFactory::GetIOClient;0.00689;msecs;finish
2;symbios_server;0;MongoIOClient::Write;;;start
3;symbios_server;0;MongoIOClient::Read;;;start
3;symbios_server;0;MongoIOClient::Read;0.428313;msecs;finish
2;symbios_server;0;MongoIOClient::Write;0.713134;msecs;finish
1;symbios_server;0;symbios::Server::StoreRequest;2.38412;msecs;finish
1;symbios_server;0;symbios::Server::LocateRequest;;;start
2;symbios_server;0;MetadataOrchestrator::Locate;;;start
3;symbios_server;0;IOFactory::GetIOClient;;;start
3;symbios_server;0;IOFactory::GetIOClient;0.00569;msecs;finish
3;symbios_server;0;MongoIOClient::Read;;;start
3;symbios_server;0;MongoIOClient::Read;0.271122;msecs;finish
3;symbios_server;0;IOFactory::GetIOClient;;;start
3;symbios_server;0;IOFactory::GetIOClient;0.00528;msecs;finish
3;symbios_server;0;FileIOClient::Read;;;start
3;symbios_server;0;FileIOClient::Read;0.0233;msecs;finish
2;symbios_server;0;MetadataOrchestrator::Locate;0.440353;msecs;finish
2;symbios_server;0;IOFactory::GetIOClient;;;start
2;symbios_server;0;IOFactory::GetIOClient;0.00485;msecs;finish
2;symbios_server;0;MongoIOClient::Read;;;start
2;symbios_server;0;MongoIOClient::Read;0.205541;msecs;finish
1;symbios_server;0;symbios::Server::LocateRequest;0.710814;msecs;finish

1;unit_client;0;symbios::Client::Client;;;start
1;unit_client;0;symbios::Client::Client;1.73053;msecs;finish
1;unit_client;0;symbios::Client::StoreRequest;;;start
1;unit_client;0;symbios::Client::StoreRequest;3.18369;msecs;finish
1;unit_client;0;symbios::Client::LocateRequest;;;start
1;unit_client;0;symbios::Client::LocateRequest;1.01358;msecs;finish

1;symbios_server;0;symbios::Server::StoreRequest;;;start
2;symbios_server;0;DataDistributionEngineFactory::GetDataDistributionEngine;;;start
2;symbios_server;0;DataDistributionEngineFactory::GetDataDistributionEngine;0.00455;msecs;finish
2;symbios_server;0;RandomDDE::Distribute;;;start
2;symbios_server;0;RandomDDE::Distribute;0.01152;msecs;finish
2;symbios_server;0;MetadataOrchestrator::Store;;;start
3;symbios_server;0;MetadataOrchestrator::Locate;;;start
4;symbios_server;0;IOFactory::GetIOClient;;;start
4;symbios_server;0;IOFactory::GetIOClient;0.00472;msecs;finish
4;symbios_server;0;FileIOClient::Read;;;start
4;symbios_server;0;FileIOClient::Read;0.0359;msecs;finish
3;symbios_server;0;MetadataOrchestrator::Locate;0.08444;msecs;finish
3;symbios_server;0;IOFactory::GetIOClient;;;start
3;symbios_server;0;IOFactory::GetIOClient;0.00472;msecs;finish
3;symbios_server;0;FileIOClient::Read;;;start
3;symbios_server;0;FileIOClient::Read;0.05741;msecs;finish
3;symbios_server;0;IOFactory::GetIOClient;;;start
3;symbios_server;0;IOFactory::GetIOClient;0.00472;msecs;finish
3;symbios_server;0;MongoIOClient::Write;;;start
4;symbios_server;0;MongoIOClient::Read;;;start
4;symbios_server;0;MongoIOClient::Read;0.478393;msecs;finish
3;symbios_server;0;MongoIOClient::Write;0.749685;msecs;finish
3;symbios_server;0;IOFactory::GetIOClient;;;start
3;symbios_server;0;IOFactory::GetIOClient;0.00511;msecs;finish
3;symbios_server;0;RedisIOClient::Write;;;start
3;symbios_server;0;RedisIOClient::Write;0.342092;msecs;finish
2;symbios_server;0;MetadataOrchestrator::Store;1.40671;msecs;finish
2;symbios_server;0;IOFactory::GetIOClient;;;start
2;symbios_server;0;IOFactory::GetIOClient;0.00503;msecs;finish
2;symbios_server;0;RedisIOClient::Write;;;start
2;symbios_server;0;RedisIOClient::Write;0.127731;msecs;finish
1;symbios_server;0;symbios::Server::StoreRequest;1.6568;msecs;finish
1;symbios_server;0;symbios::Server::LocateRequest;;;start
2;symbios_server;0;MetadataOrchestrator::Locate;;;start
3;symbios_server;0;IOFactory::GetIOClient;;;start
3;symbios_server;0;IOFactory::GetIOClient;0.00549;msecs;finish
3;symbios_server;0;MongoIOClient::Read;;;start
3;symbios_server;0;MongoIOClient::Read;0.250721;msecs;finish
3;symbios_server;0;IOFactory::GetIOClient;;;start
3;symbios_server;0;IOFactory::GetIOClient;0.00521;msecs;finish
3;symbios_server;0;FileIOClient::Read;;;start
3;symbios_server;0;FileIOClient::Read;0.02082;msecs;finish
2;symbios_server;0;MetadataOrchestrator::Locate;0.412652;msecs;finish
2;symbios_server;0;IOFactory::GetIOClient;;;start
2;symbios_server;0;IOFactory::GetIOClient;0.00494;msecs;finish
2;symbios_server;0;RedisIOClient::Read;;;start
2;symbios_server;0;RedisIOClient::Read;0.118251;msecs;finish
1;symbios_server;0;symbios::Server::LocateRequest;0.594433;msecs;finish


1;unit_client;0;symbios::Client::Client;;;start
1;unit_client;0;symbios::Client::Client;1.70644;msecs;finish
1;unit_client;0;symbios::Client::StoreRequest;;;start
1;unit_client;0;symbios::Client::StoreRequest;2.10126;msecs;finish
1;unit_client;0;symbios::Client::LocateRequest;;;start
1;unit_client;0;symbios::Client::LocateRequest;1.14348;msecs;finish

1;symbios_server;0;symbios::Server::StoreRequest;;;start
2;symbios_server;0;DataDistributionEngineFactory::GetDataDistributionEngine;;;start
2;symbios_server;0;DataDistributionEngineFactory::GetDataDistributionEngine;0.00446;msecs;finish
2;symbios_server;0;RandomDDE::Distribute;;;start
2;symbios_server;0;RandomDDE::Distribute;0.01185;msecs;finish
2;symbios_server;0;MetadataOrchestrator::Store;;;start
3;symbios_server;0;MetadataOrchestrator::Locate;;;start
4;symbios_server;0;IOFactory::GetIOClient;;;start
4;symbios_server;0;IOFactory::GetIOClient;0.0048;msecs;finish
4;symbios_server;0;FileIOClient::Read;;;start
4;symbios_server;0;FileIOClient::Read;0.01729;msecs;finish
3;symbios_server;0;MetadataOrchestrator::Locate;0.092311;msecs;finish
2;symbios_server;0;MetadataOrchestrator::Store;0.118281;msecs;finish
2;symbios_server;0;IOFactory::GetIOClient;;;start
2;symbios_server;0;IOFactory::GetIOClient;0.00533;msecs;finish
2;symbios_server;0;RedisIOClient::Write;;;start
2;symbios_server;0;RedisIOClient::Write;0.327142;msecs;finish
1;symbios_server;0;symbios::Server::StoreRequest;0.588943;msecs;finish
1;symbios_server;0;symbios::Server::LocateRequest;;;start
2;symbios_server;0;MetadataOrchestrator::Locate;;;start
3;symbios_server;0;IOFactory::GetIOClient;;;start
3;symbios_server;0;IOFactory::GetIOClient;0.00642;msecs;finish
3;symbios_server;0;MongoIOClient::Read;;;start
3;symbios_server;0;MongoIOClient::Read;0.476803;msecs;finish
3;symbios_server;0;IOFactory::GetIOClient;;;start
3;symbios_server;0;IOFactory::GetIOClient;0.00556;msecs;finish
3;symbios_server;0;FileIOClient::Read;;;start
3;symbios_server;0;FileIOClient::Read;0.01659;msecs;finish
2;symbios_server;0;MetadataOrchestrator::Locate;0.629183;msecs;finish
2;symbios_server;0;IOFactory::GetIOClient;;;start
2;symbios_server;0;IOFactory::GetIOClient;0.00485;msecs;finish
2;symbios_server;0;RedisIOClient::Read;;;start
2;symbios_server;0;RedisIOClient::Read;0.10369;msecs;finish
1;symbios_server;0;symbios::Server::LocateRequest;0.795264;msecs;finish


1;unit_client;0;symbios::Client::Client;;;start
1;unit_client;0;symbios::Client::Client;1.72862;msecs;finish
1;unit_client;0;symbios::Client::StoreRequest;;;start
1;unit_client;0;symbios::Client::StoreRequest;2.73454;msecs;finish
1;unit_client;0;symbios::Client::LocateRequest;;;start
1;unit_client;0;symbios::Client::LocateRequest;0.779634;msecs;finish

1;symbios_server;0;symbios::Server::StoreRequest;;;start
2;symbios_server;0;DataDistributionEngineFactory::GetDataDistributionEngine;;;start
2;symbios_server;0;DataDistributionEngineFactory::GetDataDistributionEngine;0.0044;msecs;finish
2;symbios_server;0;RandomDDE::Distribute;;;start
2;symbios_server;0;RandomDDE::Distribute;0.01134;msecs;finish
2;symbios_server;0;MetadataOrchestrator::Store;;;start
3;symbios_server;0;MetadataOrchestrator::Locate;;;start
4;symbios_server;0;IOFactory::GetIOClient;;;start
4;symbios_server;0;IOFactory::GetIOClient;0.0046;msecs;finish
4;symbios_server;0;FileIOClient::Read;;;start
4;symbios_server;0;FileIOClient::Read;0.03485;msecs;finish
3;symbios_server;0;MetadataOrchestrator::Locate;0.081491;msecs;finish
3;symbios_server;0;IOFactory::GetIOClient;;;start
3;symbios_server;0;IOFactory::GetIOClient;0.00473;msecs;finish
3;symbios_server;0;FileIOClient::Read;;;start
3;symbios_server;0;FileIOClient::Read;0.054111;msecs;finish
3;symbios_server;0;IOFactory::GetIOClient;;;start
3;symbios_server;0;IOFactory::GetIOClient;0.0049;msecs;finish
3;symbios_server;0;MongoIOClient::Write;;;start
4;symbios_server;0;MongoIOClient::Read;;;start
4;symbios_server;0;MongoIOClient::Read;0.504653;msecs;finish
3;symbios_server;0;MongoIOClient::Write;0.779494;msecs;finish
3;symbios_server;0;IOFactory::GetIOClient;;;start
3;symbios_server;0;IOFactory::GetIOClient;0.00512;msecs;finish
3;symbios_server;0;RedisIOClient::Write;;;start
3;symbios_server;0;RedisIOClient::Write;0.219812;msecs;finish
2;symbios_server;0;MetadataOrchestrator::Store;1.30935;msecs;finish
2;symbios_server;0;IOFactory::GetIOClient;;;start
2;symbios_server;0;IOFactory::GetIOClient;0.00494;msecs;finish
2;symbios_server;0;RedisIOClient::Write;;;start
2;symbios_server;0;RedisIOClient::Write;0.193401;msecs;finish
1;symbios_server;0;symbios::Server::StoreRequest;1.62182;msecs;finish
1;symbios_server;0;symbios::Server::LocateRequest;;;start
2;symbios_server;0;MetadataOrchestrator::Locate;;;start
3;symbios_server;0;IOFactory::GetIOClient;;;start
3;symbios_server;0;IOFactory::GetIOClient;0.00556;msecs;finish
3;symbios_server;0;RedisIOClient::Read;;;start
3;symbios_server;0;RedisIOClient::Read;0.094841;msecs;finish
3;symbios_server;0;IOFactory::GetIOClient;;;start
3;symbios_server;0;IOFactory::GetIOClient;0.00517;msecs;finish
3;symbios_server;0;FileIOClient::Read;;;start
3;symbios_server;0;FileIOClient::Read;0.02011;msecs;finish
2;symbios_server;0;MetadataOrchestrator::Locate;0.251941;msecs;finish
2;symbios_server;0;IOFactory::GetIOClient;;;start
2;symbios_server;0;IOFactory::GetIOClient;0.004821;msecs;finish
2;symbios_server;0;RedisIOClient::Read;;;start
2;symbios_server;0;RedisIOClient::Read;0.13081;msecs;finish
1;symbios_server;0;symbios::Server::LocateRequest;0.446142;msecs;finish



