
************************************************************
Co-locating OrangeFS (#server_ofs1=24, #server_ofs2=0), rep=1 ...
************************************************************
---------------------------------------------------------------------------------
OFS1 command: /home/kfeng/MPICH/bin/mpiexec -n 480 -iface enp47s0 -f /home/kfeng/SuperServer/internal_component/colocation/clients -prepend-rank -genv PVFS2TAB_FILE /mnt/nvme/kfeng/pvfs2tab /home/kfeng/pkg_src/ior/src/ior.mpich -a MPIIO -t 128k -b 32m -E -k -w -o pvfs2://mnt/nvme/kfeng/pvfs2-mount/ior.test
---------------------------------------------------------------------------------
~~~~~~~~~~~~~~~~~~~~~~~~~~~~~~~~~~~~~~~~~~~~~~~~~~~~~~~~~~~~~~~~~~~~~~~~~~~~~~~~~

************************************************************
Co-locating OrangeFS (#server_ofs1=24, #server_ofs2=0), rep=2 ...
************************************************************
---------------------------------------------------------------------------------
OFS1 command: /home/kfeng/MPICH/bin/mpiexec -n 480 -iface enp47s0 -f /home/kfeng/SuperServer/internal_component/colocation/clients -prepend-rank -genv PVFS2TAB_FILE /mnt/nvme/kfeng/pvfs2tab /home/kfeng/pkg_src/ior/src/ior.mpich -a MPIIO -t 128k -b 32m -E -k -w -o pvfs2://mnt/nvme/kfeng/pvfs2-mount/ior.test
---------------------------------------------------------------------------------
~~~~~~~~~~~~~~~~~~~~~~~~~~~~~~~~~~~~~~~~~~~~~~~~~~~~~~~~~~~~~~~~~~~~~~~~~~~~~~~~~

************************************************************
Co-locating OrangeFS (#server_ofs1=24, #server_ofs2=0), rep=3 ...
************************************************************
---------------------------------------------------------------------------------
OFS1 command: /home/kfeng/MPICH/bin/mpiexec -n 480 -iface enp47s0 -f /home/kfeng/SuperServer/internal_component/colocation/clients -prepend-rank -genv PVFS2TAB_FILE /mnt/nvme/kfeng/pvfs2tab /home/kfeng/pkg_src/ior/src/ior.mpich -a MPIIO -t 128k -b 32m -E -k -w -o pvfs2://mnt/nvme/kfeng/pvfs2-mount/ior.test
---------------------------------------------------------------------------------
~~~~~~~~~~~~~~~~~~~~~~~~~~~~~~~~~~~~~~~~~~~~~~~~~~~~~~~~~~~~~~~~~~~~~~~~~~~~~~~~~

************************************************************
Co-locating OrangeFS (#server_ofs1=0, #server_ofs2=24), rep=1 ...
************************************************************
---------------------------------------------------------------------------------
OFS2 command: /home/kfeng/MPICH/bin/mpiexec -n 480 -iface enp47s0 -f /home/kfeng/SuperServer/internal_component/colocation/clients -prepend-rank -genv PVFS2TAB_FILE /mnt/nvme/kfeng/pvfs2tab /home/kfeng/pkg_src/ior/src/ior.mpich -a MPIIO -t 4m -b 32m -E -k -w -o pvfs2://mnt/nvme/kfeng/pvfs2-mount2/ior.test
---------------------------------------------------------------------------------
~~~~~~~~~~~~~~~~~~~~~~~~~~~~~~~~~~~~~~~~~~~~~~~~~~~~~~~~~~~~~~~~~~~~~~~~~~~~~~~~~

************************************************************
Co-locating OrangeFS (#server_ofs1=0, #server_ofs2=24), rep=2 ...
************************************************************
---------------------------------------------------------------------------------
OFS2 command: /home/kfeng/MPICH/bin/mpiexec -n 480 -iface enp47s0 -f /home/kfeng/SuperServer/internal_component/colocation/clients -prepend-rank -genv PVFS2TAB_FILE /mnt/nvme/kfeng/pvfs2tab /home/kfeng/pkg_src/ior/src/ior.mpich -a MPIIO -t 4m -b 32m -E -k -w -o pvfs2://mnt/nvme/kfeng/pvfs2-mount2/ior.test
---------------------------------------------------------------------------------
~~~~~~~~~~~~~~~~~~~~~~~~~~~~~~~~~~~~~~~~~~~~~~~~~~~~~~~~~~~~~~~~~~~~~~~~~~~~~~~~~

************************************************************
Co-locating OrangeFS (#server_ofs1=0, #server_ofs2=24), rep=3 ...
************************************************************
---------------------------------------------------------------------------------
OFS2 command: /home/kfeng/MPICH/bin/mpiexec -n 480 -iface enp47s0 -f /home/kfeng/SuperServer/internal_component/colocation/clients -prepend-rank -genv PVFS2TAB_FILE /mnt/nvme/kfeng/pvfs2tab /home/kfeng/pkg_src/ior/src/ior.mpich -a MPIIO -t 4m -b 32m -E -k -w -o pvfs2://mnt/nvme/kfeng/pvfs2-mount2/ior.test
---------------------------------------------------------------------------------
~~~~~~~~~~~~~~~~~~~~~~~~~~~~~~~~~~~~~~~~~~~~~~~~~~~~~~~~~~~~~~~~~~~~~~~~~~~~~~~~~

************************************************************
Co-locating OrangeFS (#server_ofs1=24, #server_ofs2=4), rep=1 ...
5,24d4
< ares-stor-05
< ares-stor-06
< ares-stor-07
< ares-stor-08
< ares-stor-09
< ares-stor-10
< ares-stor-11
< ares-stor-12
< ares-stor-13
< ares-stor-14
< ares-stor-15
< ares-stor-16
< ares-stor-22
< ares-stor-23
< ares-stor-24
< ares-stor-25
< ares-stor-26
< ares-stor-27
< ares-stor-28
< ares-stor-29
************************************************************
---------------------------------------------------------------------------------
OFS1 command: /home/kfeng/MPICH/bin/mpiexec -n 480 -iface enp47s0 -f /home/kfeng/SuperServer/internal_component/colocation/clients -prepend-rank -genv PVFS2TAB_FILE /mnt/nvme/kfeng/pvfs2tab /home/kfeng/pkg_src/ior/src/ior.mpich -a MPIIO -t 128k -b 32m -E -k -w -o pvfs2://mnt/nvme/kfeng/pvfs2-mount/ior.test
---------------------------------------------------------------------------------
---------------------------------------------------------------------------------
OFS2 command: /home/kfeng/MPICH/bin/mpiexec -n 480 -iface enp47s0 -f /home/kfeng/SuperServer/internal_component/colocation/clients -prepend-rank -genv PVFS2TAB_FILE /mnt/nvme/kfeng/pvfs2tab /home/kfeng/pkg_src/ior/src/ior.mpich -a MPIIO -t 4m -b 32m -E -k -w -o pvfs2://mnt/nvme/kfeng/pvfs2-mount2/ior.test
---------------------------------------------------------------------------------
~~~~~~~~~~~~~~~~~~~~~~~~~~~~~~~~~~~~~~~~~~~~~~~~~~~~~~~~~~~~~~~~~~~~~~~~~~~~~~~~~

************************************************************
Co-locating OrangeFS (#server_ofs1=24, #server_ofs2=4), rep=2 ...
5,24d4
< ares-stor-05
< ares-stor-06
< ares-stor-07
< ares-stor-08
< ares-stor-09
< ares-stor-10
< ares-stor-11
< ares-stor-12
< ares-stor-13
< ares-stor-14
< ares-stor-15
< ares-stor-16
< ares-stor-22
< ares-stor-23
< ares-stor-24
< ares-stor-25
< ares-stor-26
< ares-stor-27
< ares-stor-28
< ares-stor-29
************************************************************
---------------------------------------------------------------------------------
OFS1 command: /home/kfeng/MPICH/bin/mpiexec -n 480 -iface enp47s0 -f /home/kfeng/SuperServer/internal_component/colocation/clients -prepend-rank -genv PVFS2TAB_FILE /mnt/nvme/kfeng/pvfs2tab /home/kfeng/pkg_src/ior/src/ior.mpich -a MPIIO -t 128k -b 32m -E -k -w -o pvfs2://mnt/nvme/kfeng/pvfs2-mount/ior.test
---------------------------------------------------------------------------------
---------------------------------------------------------------------------------
OFS2 command: /home/kfeng/MPICH/bin/mpiexec -n 480 -iface enp47s0 -f /home/kfeng/SuperServer/internal_component/colocation/clients -prepend-rank -genv PVFS2TAB_FILE /mnt/nvme/kfeng/pvfs2tab /home/kfeng/pkg_src/ior/src/ior.mpich -a MPIIO -t 4m -b 32m -E -k -w -o pvfs2://mnt/nvme/kfeng/pvfs2-mount2/ior.test
---------------------------------------------------------------------------------
~~~~~~~~~~~~~~~~~~~~~~~~~~~~~~~~~~~~~~~~~~~~~~~~~~~~~~~~~~~~~~~~~~~~~~~~~~~~~~~~~

************************************************************
Co-locating OrangeFS (#server_ofs1=24, #server_ofs2=4), rep=3 ...
5,24d4
< ares-stor-05
< ares-stor-06
< ares-stor-07
< ares-stor-08
< ares-stor-09
< ares-stor-10
< ares-stor-11
< ares-stor-12
< ares-stor-13
< ares-stor-14
< ares-stor-15
< ares-stor-16
< ares-stor-22
< ares-stor-23
< ares-stor-24
< ares-stor-25
< ares-stor-26
< ares-stor-27
< ares-stor-28
< ares-stor-29
************************************************************
---------------------------------------------------------------------------------
OFS1 command: /home/kfeng/MPICH/bin/mpiexec -n 480 -iface enp47s0 -f /home/kfeng/SuperServer/internal_component/colocation/clients -prepend-rank -genv PVFS2TAB_FILE /mnt/nvme/kfeng/pvfs2tab /home/kfeng/pkg_src/ior/src/ior.mpich -a MPIIO -t 128k -b 32m -E -k -w -o pvfs2://mnt/nvme/kfeng/pvfs2-mount/ior.test
---------------------------------------------------------------------------------
---------------------------------------------------------------------------------
OFS2 command: /home/kfeng/MPICH/bin/mpiexec -n 480 -iface enp47s0 -f /home/kfeng/SuperServer/internal_component/colocation/clients -prepend-rank -genv PVFS2TAB_FILE /mnt/nvme/kfeng/pvfs2tab /home/kfeng/pkg_src/ior/src/ior.mpich -a MPIIO -t 4m -b 32m -E -k -w -o pvfs2://mnt/nvme/kfeng/pvfs2-mount2/ior.test
---------------------------------------------------------------------------------
~~~~~~~~~~~~~~~~~~~~~~~~~~~~~~~~~~~~~~~~~~~~~~~~~~~~~~~~~~~~~~~~~~~~~~~~~~~~~~~~~

************************************************************
Co-locating OrangeFS (#server_ofs1=24, #server_ofs2=8), rep=1 ...
9,24d8
< ares-stor-09
< ares-stor-10
< ares-stor-11
< ares-stor-12
< ares-stor-13
< ares-stor-14
< ares-stor-15
< ares-stor-16
< ares-stor-22
< ares-stor-23
< ares-stor-24
< ares-stor-25
< ares-stor-26
< ares-stor-27
< ares-stor-28
< ares-stor-29
************************************************************
---------------------------------------------------------------------------------
OFS1 command: /home/kfeng/MPICH/bin/mpiexec -n 480 -iface enp47s0 -f /home/kfeng/SuperServer/internal_component/colocation/clients -prepend-rank -genv PVFS2TAB_FILE /mnt/nvme/kfeng/pvfs2tab /home/kfeng/pkg_src/ior/src/ior.mpich -a MPIIO -t 128k -b 32m -E -k -w -o pvfs2://mnt/nvme/kfeng/pvfs2-mount/ior.test
---------------------------------------------------------------------------------
---------------------------------------------------------------------------------
OFS2 command: /home/kfeng/MPICH/bin/mpiexec -n 480 -iface enp47s0 -f /home/kfeng/SuperServer/internal_component/colocation/clients -prepend-rank -genv PVFS2TAB_FILE /mnt/nvme/kfeng/pvfs2tab /home/kfeng/pkg_src/ior/src/ior.mpich -a MPIIO -t 4m -b 32m -E -k -w -o pvfs2://mnt/nvme/kfeng/pvfs2-mount2/ior.test
---------------------------------------------------------------------------------
~~~~~~~~~~~~~~~~~~~~~~~~~~~~~~~~~~~~~~~~~~~~~~~~~~~~~~~~~~~~~~~~~~~~~~~~~~~~~~~~~

************************************************************
Co-locating OrangeFS (#server_ofs1=24, #server_ofs2=8), rep=2 ...
9,24d8
< ares-stor-09
< ares-stor-10
< ares-stor-11
< ares-stor-12
< ares-stor-13
< ares-stor-14
< ares-stor-15
< ares-stor-16
< ares-stor-22
< ares-stor-23
< ares-stor-24
< ares-stor-25
< ares-stor-26
< ares-stor-27
< ares-stor-28
< ares-stor-29
************************************************************
---------------------------------------------------------------------------------
OFS1 command: /home/kfeng/MPICH/bin/mpiexec -n 480 -iface enp47s0 -f /home/kfeng/SuperServer/internal_component/colocation/clients -prepend-rank -genv PVFS2TAB_FILE /mnt/nvme/kfeng/pvfs2tab /home/kfeng/pkg_src/ior/src/ior.mpich -a MPIIO -t 128k -b 32m -E -k -w -o pvfs2://mnt/nvme/kfeng/pvfs2-mount/ior.test
---------------------------------------------------------------------------------
---------------------------------------------------------------------------------
OFS2 command: /home/kfeng/MPICH/bin/mpiexec -n 480 -iface enp47s0 -f /home/kfeng/SuperServer/internal_component/colocation/clients -prepend-rank -genv PVFS2TAB_FILE /mnt/nvme/kfeng/pvfs2tab /home/kfeng/pkg_src/ior/src/ior.mpich -a MPIIO -t 4m -b 32m -E -k -w -o pvfs2://mnt/nvme/kfeng/pvfs2-mount2/ior.test
---------------------------------------------------------------------------------
~~~~~~~~~~~~~~~~~~~~~~~~~~~~~~~~~~~~~~~~~~~~~~~~~~~~~~~~~~~~~~~~~~~~~~~~~~~~~~~~~

************************************************************
Co-locating OrangeFS (#server_ofs1=24, #server_ofs2=8), rep=3 ...
9,24d8
< ares-stor-09
< ares-stor-10
< ares-stor-11
< ares-stor-12
< ares-stor-13
< ares-stor-14
< ares-stor-15
< ares-stor-16
< ares-stor-22
< ares-stor-23
< ares-stor-24
< ares-stor-25
< ares-stor-26
< ares-stor-27
< ares-stor-28
< ares-stor-29
************************************************************
---------------------------------------------------------------------------------
OFS1 command: /home/kfeng/MPICH/bin/mpiexec -n 480 -iface enp47s0 -f /home/kfeng/SuperServer/internal_component/colocation/clients -prepend-rank -genv PVFS2TAB_FILE /mnt/nvme/kfeng/pvfs2tab /home/kfeng/pkg_src/ior/src/ior.mpich -a MPIIO -t 128k -b 32m -E -k -w -o pvfs2://mnt/nvme/kfeng/pvfs2-mount/ior.test
---------------------------------------------------------------------------------
---------------------------------------------------------------------------------
OFS2 command: /home/kfeng/MPICH/bin/mpiexec -n 480 -iface enp47s0 -f /home/kfeng/SuperServer/internal_component/colocation/clients -prepend-rank -genv PVFS2TAB_FILE /mnt/nvme/kfeng/pvfs2tab /home/kfeng/pkg_src/ior/src/ior.mpich -a MPIIO -t 4m -b 32m -E -k -w -o pvfs2://mnt/nvme/kfeng/pvfs2-mount2/ior.test
---------------------------------------------------------------------------------
~~~~~~~~~~~~~~~~~~~~~~~~~~~~~~~~~~~~~~~~~~~~~~~~~~~~~~~~~~~~~~~~~~~~~~~~~~~~~~~~~

************************************************************
Co-locating OrangeFS (#server_ofs1=24, #server_ofs2=16), rep=1 ...
17,24d16
< ares-stor-22
< ares-stor-23
< ares-stor-24
< ares-stor-25
< ares-stor-26
< ares-stor-27
< ares-stor-28
< ares-stor-29
************************************************************
---------------------------------------------------------------------------------
OFS1 command: /home/kfeng/MPICH/bin/mpiexec -n 480 -iface enp47s0 -f /home/kfeng/SuperServer/internal_component/colocation/clients -prepend-rank -genv PVFS2TAB_FILE /mnt/nvme/kfeng/pvfs2tab /home/kfeng/pkg_src/ior/src/ior.mpich -a MPIIO -t 128k -b 32m -E -k -w -o pvfs2://mnt/nvme/kfeng/pvfs2-mount/ior.test
---------------------------------------------------------------------------------
---------------------------------------------------------------------------------
OFS2 command: /home/kfeng/MPICH/bin/mpiexec -n 480 -iface enp47s0 -f /home/kfeng/SuperServer/internal_component/colocation/clients -prepend-rank -genv PVFS2TAB_FILE /mnt/nvme/kfeng/pvfs2tab /home/kfeng/pkg_src/ior/src/ior.mpich -a MPIIO -t 4m -b 32m -E -k -w -o pvfs2://mnt/nvme/kfeng/pvfs2-mount2/ior.test
---------------------------------------------------------------------------------
~~~~~~~~~~~~~~~~~~~~~~~~~~~~~~~~~~~~~~~~~~~~~~~~~~~~~~~~~~~~~~~~~~~~~~~~~~~~~~~~~

************************************************************
Co-locating OrangeFS (#server_ofs1=24, #server_ofs2=16), rep=2 ...
17,24d16
< ares-stor-22
< ares-stor-23
< ares-stor-24
< ares-stor-25
< ares-stor-26
< ares-stor-27
< ares-stor-28
< ares-stor-29
************************************************************
---------------------------------------------------------------------------------
OFS1 command: /home/kfeng/MPICH/bin/mpiexec -n 480 -iface enp47s0 -f /home/kfeng/SuperServer/internal_component/colocation/clients -prepend-rank -genv PVFS2TAB_FILE /mnt/nvme/kfeng/pvfs2tab /home/kfeng/pkg_src/ior/src/ior.mpich -a MPIIO -t 128k -b 32m -E -k -w -o pvfs2://mnt/nvme/kfeng/pvfs2-mount/ior.test
---------------------------------------------------------------------------------
---------------------------------------------------------------------------------
OFS2 command: /home/kfeng/MPICH/bin/mpiexec -n 480 -iface enp47s0 -f /home/kfeng/SuperServer/internal_component/colocation/clients -prepend-rank -genv PVFS2TAB_FILE /mnt/nvme/kfeng/pvfs2tab /home/kfeng/pkg_src/ior/src/ior.mpich -a MPIIO -t 4m -b 32m -E -k -w -o pvfs2://mnt/nvme/kfeng/pvfs2-mount2/ior.test
---------------------------------------------------------------------------------
~~~~~~~~~~~~~~~~~~~~~~~~~~~~~~~~~~~~~~~~~~~~~~~~~~~~~~~~~~~~~~~~~~~~~~~~~~~~~~~~~

************************************************************
Co-locating OrangeFS (#server_ofs1=24, #server_ofs2=16), rep=3 ...
17,24d16
< ares-stor-22
< ares-stor-23
< ares-stor-24
< ares-stor-25
< ares-stor-26
< ares-stor-27
< ares-stor-28
< ares-stor-29
************************************************************
---------------------------------------------------------------------------------
OFS1 command: /home/kfeng/MPICH/bin/mpiexec -n 480 -iface enp47s0 -f /home/kfeng/SuperServer/internal_component/colocation/clients -prepend-rank -genv PVFS2TAB_FILE /mnt/nvme/kfeng/pvfs2tab /home/kfeng/pkg_src/ior/src/ior.mpich -a MPIIO -t 128k -b 32m -E -k -w -o pvfs2://mnt/nvme/kfeng/pvfs2-mount/ior.test
---------------------------------------------------------------------------------
---------------------------------------------------------------------------------
OFS2 command: /home/kfeng/MPICH/bin/mpiexec -n 480 -iface enp47s0 -f /home/kfeng/SuperServer/internal_component/colocation/clients -prepend-rank -genv PVFS2TAB_FILE /mnt/nvme/kfeng/pvfs2tab /home/kfeng/pkg_src/ior/src/ior.mpich -a MPIIO -t 4m -b 32m -E -k -w -o pvfs2://mnt/nvme/kfeng/pvfs2-mount2/ior.test
---------------------------------------------------------------------------------
~~~~~~~~~~~~~~~~~~~~~~~~~~~~~~~~~~~~~~~~~~~~~~~~~~~~~~~~~~~~~~~~~~~~~~~~~~~~~~~~~

************************************************************
Co-locating OrangeFS (#server_ofs1=24, #server_ofs2=24), rep=1 ...
************************************************************
---------------------------------------------------------------------------------
OFS1 command: /home/kfeng/MPICH/bin/mpiexec -n 480 -iface enp47s0 -f /home/kfeng/SuperServer/internal_component/colocation/clients -prepend-rank -genv PVFS2TAB_FILE /mnt/nvme/kfeng/pvfs2tab /home/kfeng/pkg_src/ior/src/ior.mpich -a MPIIO -t 128k -b 32m -E -k -w -o pvfs2://mnt/nvme/kfeng/pvfs2-mount/ior.test
---------------------------------------------------------------------------------
---------------------------------------------------------------------------------
OFS2 command: /home/kfeng/MPICH/bin/mpiexec -n 480 -iface enp47s0 -f /home/kfeng/SuperServer/internal_component/colocation/clients -prepend-rank -genv PVFS2TAB_FILE /mnt/nvme/kfeng/pvfs2tab /home/kfeng/pkg_src/ior/src/ior.mpich -a MPIIO -t 4m -b 32m -E -k -w -o pvfs2://mnt/nvme/kfeng/pvfs2-mount2/ior.test
---------------------------------------------------------------------------------
~~~~~~~~~~~~~~~~~~~~~~~~~~~~~~~~~~~~~~~~~~~~~~~~~~~~~~~~~~~~~~~~~~~~~~~~~~~~~~~~~

************************************************************
Co-locating OrangeFS (#server_ofs1=24, #server_ofs2=24), rep=2 ...
************************************************************
---------------------------------------------------------------------------------
OFS1 command: /home/kfeng/MPICH/bin/mpiexec -n 480 -iface enp47s0 -f /home/kfeng/SuperServer/internal_component/colocation/clients -prepend-rank -genv PVFS2TAB_FILE /mnt/nvme/kfeng/pvfs2tab /home/kfeng/pkg_src/ior/src/ior.mpich -a MPIIO -t 128k -b 32m -E -k -w -o pvfs2://mnt/nvme/kfeng/pvfs2-mount/ior.test
---------------------------------------------------------------------------------
---------------------------------------------------------------------------------
OFS2 command: /home/kfeng/MPICH/bin/mpiexec -n 480 -iface enp47s0 -f /home/kfeng/SuperServer/internal_component/colocation/clients -prepend-rank -genv PVFS2TAB_FILE /mnt/nvme/kfeng/pvfs2tab /home/kfeng/pkg_src/ior/src/ior.mpich -a MPIIO -t 4m -b 32m -E -k -w -o pvfs2://mnt/nvme/kfeng/pvfs2-mount2/ior.test
---------------------------------------------------------------------------------
~~~~~~~~~~~~~~~~~~~~~~~~~~~~~~~~~~~~~~~~~~~~~~~~~~~~~~~~~~~~~~~~~~~~~~~~~~~~~~~~~

************************************************************
Co-locating OrangeFS (#server_ofs1=24, #server_ofs2=24), rep=3 ...
************************************************************
---------------------------------------------------------------------------------
OFS1 command: /home/kfeng/MPICH/bin/mpiexec -n 480 -iface enp47s0 -f /home/kfeng/SuperServer/internal_component/colocation/clients -prepend-rank -genv PVFS2TAB_FILE /mnt/nvme/kfeng/pvfs2tab /home/kfeng/pkg_src/ior/src/ior.mpich -a MPIIO -t 128k -b 32m -E -k -w -o pvfs2://mnt/nvme/kfeng/pvfs2-mount/ior.test
---------------------------------------------------------------------------------
---------------------------------------------------------------------------------
OFS2 command: /home/kfeng/MPICH/bin/mpiexec -n 480 -iface enp47s0 -f /home/kfeng/SuperServer/internal_component/colocation/clients -prepend-rank -genv PVFS2TAB_FILE /mnt/nvme/kfeng/pvfs2tab /home/kfeng/pkg_src/ior/src/ior.mpich -a MPIIO -t 4m -b 32m -E -k -w -o pvfs2://mnt/nvme/kfeng/pvfs2-mount2/ior.test
---------------------------------------------------------------------------------
~~~~~~~~~~~~~~~~~~~~~~~~~~~~~~~~~~~~~~~~~~~~~~~~~~~~~~~~~~~~~~~~~~~~~~~~~~~~~~~~~

************************************************************
Co-locating OrangeFS (#server_ofs1=8, #server_ofs2=24), rep=1 ...
8a9,24
> ares-stor-09
> ares-stor-10
> ares-stor-11
> ares-stor-12
> ares-stor-13
> ares-stor-14
> ares-stor-15
> ares-stor-16
> ares-stor-22
> ares-stor-23
> ares-stor-24
> ares-stor-25
> ares-stor-26
> ares-stor-27
> ares-stor-28
> ares-stor-29
************************************************************
---------------------------------------------------------------------------------
OFS1 command: /home/kfeng/MPICH/bin/mpiexec -n 480 -iface enp47s0 -f /home/kfeng/SuperServer/internal_component/colocation/clients -prepend-rank -genv PVFS2TAB_FILE /mnt/nvme/kfeng/pvfs2tab /home/kfeng/pkg_src/ior/src/ior.mpich -a MPIIO -t 128k -b 32m -E -k -w -o pvfs2://mnt/nvme/kfeng/pvfs2-mount/ior.test
---------------------------------------------------------------------------------
---------------------------------------------------------------------------------
OFS2 command: /home/kfeng/MPICH/bin/mpiexec -n 480 -iface enp47s0 -f /home/kfeng/SuperServer/internal_component/colocation/clients -prepend-rank -genv PVFS2TAB_FILE /mnt/nvme/kfeng/pvfs2tab /home/kfeng/pkg_src/ior/src/ior.mpich -a MPIIO -t 4m -b 32m -E -k -w -o pvfs2://mnt/nvme/kfeng/pvfs2-mount2/ior.test
---------------------------------------------------------------------------------
~~~~~~~~~~~~~~~~~~~~~~~~~~~~~~~~~~~~~~~~~~~~~~~~~~~~~~~~~~~~~~~~~~~~~~~~~~~~~~~~~

************************************************************
Co-locating OrangeFS (#server_ofs1=8, #server_ofs2=24), rep=2 ...
8a9,24
> ares-stor-09
> ares-stor-10
> ares-stor-11
> ares-stor-12
> ares-stor-13
> ares-stor-14
> ares-stor-15
> ares-stor-16
> ares-stor-22
> ares-stor-23
> ares-stor-24
> ares-stor-25
> ares-stor-26
> ares-stor-27
> ares-stor-28
> ares-stor-29
************************************************************
---------------------------------------------------------------------------------
OFS1 command: /home/kfeng/MPICH/bin/mpiexec -n 480 -iface enp47s0 -f /home/kfeng/SuperServer/internal_component/colocation/clients -prepend-rank -genv PVFS2TAB_FILE /mnt/nvme/kfeng/pvfs2tab /home/kfeng/pkg_src/ior/src/ior.mpich -a MPIIO -t 128k -b 32m -E -k -w -o pvfs2://mnt/nvme/kfeng/pvfs2-mount/ior.test
---------------------------------------------------------------------------------
---------------------------------------------------------------------------------
OFS2 command: /home/kfeng/MPICH/bin/mpiexec -n 480 -iface enp47s0 -f /home/kfeng/SuperServer/internal_component/colocation/clients -prepend-rank -genv PVFS2TAB_FILE /mnt/nvme/kfeng/pvfs2tab /home/kfeng/pkg_src/ior/src/ior.mpich -a MPIIO -t 4m -b 32m -E -k -w -o pvfs2://mnt/nvme/kfeng/pvfs2-mount2/ior.test
---------------------------------------------------------------------------------
~~~~~~~~~~~~~~~~~~~~~~~~~~~~~~~~~~~~~~~~~~~~~~~~~~~~~~~~~~~~~~~~~~~~~~~~~~~~~~~~~

************************************************************
Co-locating OrangeFS (#server_ofs1=8, #server_ofs2=24), rep=3 ...
8a9,24
> ares-stor-09
> ares-stor-10
> ares-stor-11
> ares-stor-12
> ares-stor-13
> ares-stor-14
> ares-stor-15
> ares-stor-16
> ares-stor-22
> ares-stor-23
> ares-stor-24
> ares-stor-25
> ares-stor-26
> ares-stor-27
> ares-stor-28
> ares-stor-29
************************************************************
---------------------------------------------------------------------------------
OFS1 command: /home/kfeng/MPICH/bin/mpiexec -n 480 -iface enp47s0 -f /home/kfeng/SuperServer/internal_component/colocation/clients -prepend-rank -genv PVFS2TAB_FILE /mnt/nvme/kfeng/pvfs2tab /home/kfeng/pkg_src/ior/src/ior.mpich -a MPIIO -t 128k -b 32m -E -k -w -o pvfs2://mnt/nvme/kfeng/pvfs2-mount/ior.test
---------------------------------------------------------------------------------
---------------------------------------------------------------------------------
OFS2 command: /home/kfeng/MPICH/bin/mpiexec -n 480 -iface enp47s0 -f /home/kfeng/SuperServer/internal_component/colocation/clients -prepend-rank -genv PVFS2TAB_FILE /mnt/nvme/kfeng/pvfs2tab /home/kfeng/pkg_src/ior/src/ior.mpich -a MPIIO -t 4m -b 32m -E -k -w -o pvfs2://mnt/nvme/kfeng/pvfs2-mount2/ior.test
---------------------------------------------------------------------------------
~~~~~~~~~~~~~~~~~~~~~~~~~~~~~~~~~~~~~~~~~~~~~~~~~~~~~~~~~~~~~~~~~~~~~~~~~~~~~~~~~

************************************************************
Co-locating OrangeFS (#server_ofs1=16, #server_ofs2=24), rep=1 ...
16a17,24
> ares-stor-22
> ares-stor-23
> ares-stor-24
> ares-stor-25
> ares-stor-26
> ares-stor-27
> ares-stor-28
> ares-stor-29
************************************************************
---------------------------------------------------------------------------------
OFS1 command: /home/kfeng/MPICH/bin/mpiexec -n 480 -iface enp47s0 -f /home/kfeng/SuperServer/internal_component/colocation/clients -prepend-rank -genv PVFS2TAB_FILE /mnt/nvme/kfeng/pvfs2tab /home/kfeng/pkg_src/ior/src/ior.mpich -a MPIIO -t 128k -b 32m -E -k -w -o pvfs2://mnt/nvme/kfeng/pvfs2-mount/ior.test
---------------------------------------------------------------------------------
---------------------------------------------------------------------------------
OFS2 command: /home/kfeng/MPICH/bin/mpiexec -n 480 -iface enp47s0 -f /home/kfeng/SuperServer/internal_component/colocation/clients -prepend-rank -genv PVFS2TAB_FILE /mnt/nvme/kfeng/pvfs2tab /home/kfeng/pkg_src/ior/src/ior.mpich -a MPIIO -t 4m -b 32m -E -k -w -o pvfs2://mnt/nvme/kfeng/pvfs2-mount2/ior.test
---------------------------------------------------------------------------------
~~~~~~~~~~~~~~~~~~~~~~~~~~~~~~~~~~~~~~~~~~~~~~~~~~~~~~~~~~~~~~~~~~~~~~~~~~~~~~~~~

************************************************************
Co-locating OrangeFS (#server_ofs1=16, #server_ofs2=24), rep=2 ...
16a17,24
> ares-stor-22
> ares-stor-23
> ares-stor-24
> ares-stor-25
> ares-stor-26
> ares-stor-27
> ares-stor-28
> ares-stor-29
************************************************************
---------------------------------------------------------------------------------
OFS1 command: /home/kfeng/MPICH/bin/mpiexec -n 480 -iface enp47s0 -f /home/kfeng/SuperServer/internal_component/colocation/clients -prepend-rank -genv PVFS2TAB_FILE /mnt/nvme/kfeng/pvfs2tab /home/kfeng/pkg_src/ior/src/ior.mpich -a MPIIO -t 128k -b 32m -E -k -w -o pvfs2://mnt/nvme/kfeng/pvfs2-mount/ior.test
---------------------------------------------------------------------------------
---------------------------------------------------------------------------------
OFS2 command: /home/kfeng/MPICH/bin/mpiexec -n 480 -iface enp47s0 -f /home/kfeng/SuperServer/internal_component/colocation/clients -prepend-rank -genv PVFS2TAB_FILE /mnt/nvme/kfeng/pvfs2tab /home/kfeng/pkg_src/ior/src/ior.mpich -a MPIIO -t 4m -b 32m -E -k -w -o pvfs2://mnt/nvme/kfeng/pvfs2-mount2/ior.test
---------------------------------------------------------------------------------
~~~~~~~~~~~~~~~~~~~~~~~~~~~~~~~~~~~~~~~~~~~~~~~~~~~~~~~~~~~~~~~~~~~~~~~~~~~~~~~~~

************************************************************
Co-locating OrangeFS (#server_ofs1=16, #server_ofs2=24), rep=3 ...
16a17,24
> ares-stor-22
> ares-stor-23
> ares-stor-24
> ares-stor-25
> ares-stor-26
> ares-stor-27
> ares-stor-28
> ares-stor-29
************************************************************
---------------------------------------------------------------------------------
OFS1 command: /home/kfeng/MPICH/bin/mpiexec -n 480 -iface enp47s0 -f /home/kfeng/SuperServer/internal_component/colocation/clients -prepend-rank -genv PVFS2TAB_FILE /mnt/nvme/kfeng/pvfs2tab /home/kfeng/pkg_src/ior/src/ior.mpich -a MPIIO -t 128k -b 32m -E -k -w -o pvfs2://mnt/nvme/kfeng/pvfs2-mount/ior.test
---------------------------------------------------------------------------------
---------------------------------------------------------------------------------
OFS2 command: /home/kfeng/MPICH/bin/mpiexec -n 480 -iface enp47s0 -f /home/kfeng/SuperServer/internal_component/colocation/clients -prepend-rank -genv PVFS2TAB_FILE /mnt/nvme/kfeng/pvfs2tab /home/kfeng/pkg_src/ior/src/ior.mpich -a MPIIO -t 4m -b 32m -E -k -w -o pvfs2://mnt/nvme/kfeng/pvfs2-mount2/ior.test
---------------------------------------------------------------------------------
~~~~~~~~~~~~~~~~~~~~~~~~~~~~~~~~~~~~~~~~~~~~~~~~~~~~~~~~~~~~~~~~~~~~~~~~~~~~~~~~~
