[0] IOR-3.0.1: MPI Coordinated Test of Parallel I/O
[0] 
[0] Began: Fri Mar 20 01:35:50 2020
[0] Command line used: /home/kfeng/pkg_src/ior/src/ior.mpich[0]  -a MPIIO -t 4m -b 32m -E[0]  -k -w -o pvfs2://mnt/nvme/kfeng/pvfs2-mount2/ior.test[0] 
[0] Machine: Linux ares-comp-07[0] 
[0] 
[0] Test 0 started: Fri Mar 20 01:35:50 2020
[0] Summary:
[0] 	api                = MPIIO (version=3, subversion=1)
[0] 	test filename      = pvfs2://mnt/nvme/kfeng/pvfs2-mount2/ior.test
[0] 	access             = single-shared-file
[0] 	ordering in a file =[0]  sequential offsets
[0] 	ordering inter file= no tasks offsets
[0] 	clients            = 24 (1 per node)
[0] 	repetitions        = 1
[0] 	xfersize           = 4 MiB
[0] 	blocksize          = 32 MiB
[0] 	aggregate filesize = 768 MiB
[0] 
[0] access    bw(MiB/s)  block(KiB) xfer(KiB)  open(s)    wr/rd(s)   close(s)   total(s)   iter
[0] ------    ---------  ---------- ---------  --------   --------   --------   --------   ----
[0] write     [0] 1889.93    32768      [0] 4096       [0] 0.157004   0.249768   [0] 0.092991   0.406364   [0] 0   
[0] 
[0] Max Write: 1889.93 MiB/sec (1981.74 MB/sec)
[0] 
[0] Summary of all tests:
[0] Operation   Max(MiB)   Min(MiB)  Mean(MiB)     StdDev    Mean(s) Test# #Tasks tPN reps fPP reord reordoff reordrand seed segcnt blksiz xsize aggsize API RefNum
[0] write     [0]    1889.93    1889.93 [0]    1889.93       0.00 [0]    0.40636 0 24 [0] 1 1 0 0 1 [0] 0 0 1 33554432 4194304 805306368 MPIIO 0
[0] 
[0] Finished: Fri Mar 20 01:35:50 2020
[0] IOR-3.0.1: MPI Coordinated Test of Parallel I/O
[0] 
[0] Began: Fri Mar 20 01:35:56 2020
[0] Command line used: /home/kfeng/pkg_src/ior/src/ior.mpich -a[0]  MPIIO -t 4m -b 32m -E -k -w -o pvfs2://mnt/nvme/kfeng/pvfs2-mount2/ior.test[0] 
[0] Machine: Linux ares-comp-07
[0] 
[0] Test 0 started: Fri Mar 20 01:35:56 2020
[0] Summary:
[0] 	api                = MPIIO (version=3, subversion=1)
[0] 	test filename      = pvfs2://mnt/nvme/kfeng/pvfs2-mount2/ior.test
[0] 	access             = single-shared-file
[0] 	ordering in a file = sequential offsets
[0] 	ordering inter file= no tasks offsets[0] 
[0] 	clients            = 24 (1 per node)
[0] 	repetitions        = 1
[0] 	xfersize           = 4 MiB
[0] 	blocksize          = 32 MiB
[0] 	aggregate filesize = 768 MiB
[0] 
[0] access    bw(MiB/s)  block(KiB) xfer(KiB)  open(s)    wr/rd(s)   close(s)   total(s)   iter
[0] ------    ---------  ---------- ---------  --------   --------   --------   --------   ----
[0] write     [0] 2524.26    32768      4096       0.155802   [0] 0.148841   0.017963   [0] 0.304247   0   
[0] 
[0] Max Write: 2524.26 MiB/sec (2646.88 MB/sec)
[0] 
[0] Summary of all tests:
[0] Operation   Max(MiB)   Min(MiB)  Mean(MiB)     StdDev    Mean(s) Test# #Tasks tPN reps fPP reord reordoff reordrand seed segcnt blksiz xsize aggsize API RefNum
[0] write        2524.26    2524.26 [0]    2524.26       0.00 [0]    0.30425 0 24 1 [0] 1 0 0 [0] 1 0 0 1 [0] 33554432 4194304 [0] 805306368 MPIIO 0[0] 
[0] 
[0] Finished: Fri Mar 20 01:35:56 2020
[0] IOR-3.0.1: MPI Coordinated Test of Parallel I/O
[0] 
[0] Began: Fri Mar 20 01:36:02 2020
[0] Command line used: /home/kfeng/pkg_src/ior/src/ior.mpich[0]  -a MPIIO -t 4m -b 32m -E -k[0]  -w -o pvfs2://mnt/nvme/kfeng/pvfs2-mount2/ior.test
[0] Machine: Linux ares-comp-07
[0] 
[0] Test 0 started: Fri Mar 20 01:36:02 2020
[0] Summary:
[0] 	api                = MPIIO (version=3, subversion=1)
[0] 	test filename      = pvfs2://mnt/nvme/kfeng/pvfs2-mount2/ior.test
[0] 	access             = single-shared-file
[0] 	ordering in a file = sequential offsets
[0] 	ordering inter file= no tasks offsets[0] 
[0] 	clients            = 24 (1 per node)
[0] 	repetitions        = 1
[0] 	xfersize           = 4 MiB
[0] 	blocksize          = 32 MiB
[0] 	aggregate filesize = 768 MiB
[0] 
[0] access    bw(MiB/s)  block(KiB) xfer(KiB)  open(s)    wr/rd(s)   close(s)   total(s)   iter
[0] ------    ---------  ---------- ---------  --------   --------   --------   --------   ----
[0] write     [0] 2505.63    32768      4096       [0] 0.156394   0.150413   [0] 0.031622   0.306510   0   
[0] 
[0] Max Write: 2505.63 MiB/sec (2627.34 MB/sec)
[0] 
[0] Summary of all tests:
[0] Operation   Max(MiB)   Min(MiB)  Mean(MiB)     StdDev    Mean(s) Test# #Tasks tPN reps fPP reord reordoff reordrand seed segcnt blksiz xsize aggsize API RefNum
[0] write     [0]    2505.63    2505.63 [0]    2505.63       0.00    0.30651 [0] 0 24 1 1 [0] 0 0 1 0 [0] 0 1 33554432 4194304 805306368 MPIIO 0
[0] 
[0] Finished: Fri Mar 20 01:36:03 2020
[0] IOR-3.0.1: MPI Coordinated Test of Parallel I/O
[0] 
[0] Began: Fri Mar 20 01:36:57 2020
[0] Command line used: /home/kfeng/pkg_src/ior/src/ior.mpich -a[0]  MPIIO -t 4m -b 32m -E -k -w[0]  -o pvfs2://mnt/nvme/kfeng/pvfs2-mount2/ior.test
[0] Machine: Linux ares-comp-07
[0] 
[0] Test 0 started: Fri Mar 20 01:36:57 2020
[0] Summary:
[0] 	api                = MPIIO (version=3, subversion=1)
[0] 	test filename      = pvfs2://mnt/nvme/kfeng/pvfs2-mount2/ior.test
[0] 	access             = single-shared-file
[0] 	ordering in a file = sequential offsets
[0] 	ordering inter file=[0]  no tasks offsets
[0] 	clients            = 24 (1 per node)
[0] 	repetitions        = 1
[0] 	xfersize           = 4 MiB
[0] 	blocksize          = 32 MiB
[0] 	aggregate filesize = 768 MiB
[0] 
[0] access    bw(MiB/s)  block(KiB) xfer(KiB)  open(s)    wr/rd(s)   close(s)   total(s)   iter
[0] ------    ---------  ---------- ---------  --------   --------   --------   --------   ----
[0] write     [0] 946.24     32768      4096       0.208592   [0] 0.603325   0.208230   0.811635   0   
[0] 
[0] Max Write: 946.24 MiB/sec (992.20 MB/sec)
[0] 
[0] Summary of all tests:
[0] Operation   Max(MiB)   Min(MiB)  Mean(MiB)     StdDev    Mean(s) Test# #Tasks tPN reps fPP reord reordoff reordrand seed segcnt blksiz xsize aggsize API RefNum
[0] write         946.24     946.24 [0]     946.24       0.00    0.81164 0 24 1 [0] 1 0 0 1 0 [0] 0 1 33554432 4194304 805306368 [0] MPIIO 0
[0] 
[0] Finished: Fri Mar 20 01:36:58 2020
[0] IOR-3.0.1: MPI Coordinated Test of Parallel I/O
[0] 
[0] Began: Fri Mar 20 01:37:06 2020
[0] Command line used: /home/kfeng/pkg_src/ior/src/ior.mpich[0]  -a MPIIO -t 4m -b 32m[0]  -E -k -w -o[0]  pvfs2://mnt/nvme/kfeng/pvfs2-mount2/ior.test
[0] Machine: Linux ares-comp-07
[0] 
[0] Test 0 started: Fri Mar 20 01:37:06 2020
[0] Summary:
[0] 	api                = MPIIO (version=3, subversion=1)
[0] 	test filename      = pvfs2://mnt/nvme/kfeng/pvfs2-mount2/ior.test
[0] 	access             = single-shared-file
[0] 	ordering in a file =[0]  sequential offsets
[0] 	ordering inter file= no tasks offsets
[0] 	clients            = 24 (1 per node)
[0] 	repetitions        = 1
[0] 	xfersize           = 4 MiB
[0] 	blocksize          = 32 MiB
[0] 	aggregate filesize = 768 MiB
[0] 
[0] access    bw(MiB/s)  block(KiB) xfer(KiB)  open(s)    wr/rd(s)   close(s)   total(s)   iter
[0] ------    ---------  ---------- ---------  --------   --------   --------   --------   ----
[0] write     [0] 1043.60    32768      4096       [0] 0.172455   0.564149   [0] 0.149136   0.735915   [0] 0   
[0] 
[0] Max Write: 1043.60 MiB/sec (1094.29 MB/sec)
[0] 
[0] Summary of all tests:
[0] Operation   Max(MiB)   Min(MiB)  Mean(MiB)     StdDev    Mean(s) Test# #Tasks tPN reps fPP reord reordoff reordrand seed segcnt blksiz xsize aggsize API RefNum
[0] write     [0]    1043.60    1043.60 [0]    1043.60       0.00 [0]    0.73591 0 24 [0] 1 1 0 0 [0] 1 0 0 [0] 1 33554432 4194304 805306368 [0] MPIIO 0
[0] 
[0] Finished: Fri Mar 20 01:37:07 2020
[0] IOR-3.0.1: MPI Coordinated Test of Parallel I/O
[0] 
[0] Began: Fri Mar 20 01:37:16 2020
[0] Command line used: /home/kfeng/pkg_src/ior/src/ior.mpich -a[0]  MPIIO -t 4m -b 32m -E -k -w -o pvfs2://mnt/nvme/kfeng/pvfs2-mount2/ior.test
[0] Machine: Linux ares-comp-07
[0] 
[0] Test 0 started: Fri Mar 20 01:37:16 2020
[0] Summary:
[0] 	api                = MPIIO (version=3, subversion=1)
[0] 	test filename      = pvfs2://mnt/nvme/kfeng/pvfs2-mount2/ior.test
[0] 	access             = single-shared-file
[0] 	ordering in a file = sequential offsets
[0] 	ordering inter file= no tasks offsets
[0] 	clients            = 24 (1 per node)
[0] 	repetitions        = 1
[0] 	xfersize           = 4 MiB
[0] 	blocksize          = 32 MiB
[0] 	aggregate filesize = 768 MiB
[0] 
[0] access    bw(MiB/s)  block(KiB) xfer(KiB)  open(s)    wr/rd(s)   close(s)   total(s)   iter
[0] ------    ---------  ---------- ---------  --------   --------   --------   --------   ----
[0] write     [0] 1039.25    32768      4096       0.164076   0.575179   [0] 0.133499   0.738998   0   
[0] 
[0] Max Write: 1039.25 MiB/sec (1089.73 MB/sec)
[0] 
[0] Summary of all tests:
[0] Operation   Max(MiB)   Min(MiB)  Mean(MiB)     StdDev    Mean(s) Test# #Tasks tPN reps fPP reord reordoff reordrand seed segcnt blksiz xsize aggsize API RefNum
[0] write     [0]    1039.25    1039.25    1039.25       0.00    0.73900 0 [0] 24 1 1 0 0 1 0 0 1 33554432 4194304 805306368 MPIIO [0] 0
[0] 
[0] Finished: Fri Mar 20 01:37:16 2020
[0] IOR-3.0.1: MPI Coordinated Test of Parallel I/O
[0] 
[0] Began: Fri Mar 20 01:38:12 2020
[0] Command line used: /home/kfeng/pkg_src/ior/src/ior.mpich[0]  -a MPIIO -t 4m -b 32m[0]  -E -k -w -o[0]  pvfs2://mnt/nvme/kfeng/pvfs2-mount2/ior.test
[0] Machine: Linux ares-comp-07
[0] 
[0] Test 0 started: Fri Mar 20 01:38:12 2020
[0] Summary:
[0] 	api                = MPIIO (version=3, subversion=1)
[0] 	test filename      = pvfs2://mnt/nvme/kfeng/pvfs2-mount2/ior.test
[0] 	access             = single-shared-file
[0] 	ordering in a file =[0]  sequential offsets
[0] 	ordering inter file= no tasks offsets
[0] 	clients            = 24 (1 per node)
[0] 	repetitions        = 1
[0] 	xfersize           = 4 MiB
[0] 	blocksize          = 32 MiB
[0] 	aggregate filesize = 768 MiB
[0] 
[0] access    bw(MiB/s)  block(KiB) xfer(KiB)  open(s)    wr/rd(s)   close(s)   total(s)   iter
[0] ------    ---------  ---------- ---------  --------   --------   --------   --------   ----
[0] write     [0] 1360.64    [0] 32768      4096       [0] 0.170483   0.394420   [0] 0.057043   0.564439   [0] 0   
[0] 
[0] Max Write: 1360.64 MiB/sec (1426.74 MB/sec)
[0] 
[0] Summary of all tests:
[0] Operation   Max(MiB)   Min(MiB)  Mean(MiB)     StdDev    Mean(s) Test# #Tasks tPN reps fPP reord reordoff reordrand seed segcnt blksiz xsize aggsize API RefNum
[0] write     [0]    1360.64 [0]    1360.64    1360.64 [0]       0.00    0.56444 0 [0] 24 1 1 0 [0] 0 1 0 [0] 0 1 33554432 4194304 [0] 805306368 MPIIO 0[0] 
[0] 
[0] Finished: Fri Mar 20 01:38:13 2020
[0] IOR-3.0.1: MPI Coordinated Test of Parallel I/O
[0] 
[0] Began: Fri Mar 20 01:38:22 2020
[0] Command line used: /home/kfeng/pkg_src/ior/src/ior.mpich[0]  -a MPIIO -t 4m -b 32m -E[0]  -k -w -o pvfs2://mnt/nvme/kfeng/pvfs2-mount2/ior.test[0] 
[0] Machine: Linux ares-comp-07
[0] 
[0] Test 0 started: Fri Mar 20 01:38:22 2020
[0] Summary:
[0] 	api                = MPIIO (version=3, subversion=1)
[0] 	test filename      = pvfs2://mnt/nvme/kfeng/pvfs2-mount2/ior.test
[0] 	access             = single-shared-file
[0] 	ordering in a file = sequential offsets
[0] 	ordering inter file= no tasks offsets
[0] 	clients            = 24 (1 per node)
[0] 	repetitions        = 1
[0] 	xfersize           = 4 MiB
[0] 	blocksize          = 32 MiB
[0] 	aggregate filesize = 768 MiB
[0] 
[0] access    bw(MiB/s)  block(KiB) xfer(KiB)  open(s)    wr/rd(s)   close(s)   total(s)   iter
[0] ------    ---------  ---------- ---------  --------   --------   --------   --------   ----
[0] write     [0] 1473.23    32768      4096       0.175164   [0] 0.346430   0.068813   [0] 0.521302   0   
[0] 
[0] Max Write: 1473.23 MiB/sec (1544.80 MB/sec)
[0] 
[0] Summary of all tests:
[0] Operation   Max(MiB)   Min(MiB)  Mean(MiB)     StdDev    Mean(s) Test# #Tasks tPN reps fPP reord reordoff reordrand seed segcnt blksiz xsize aggsize API RefNum
[0] write        1473.23    1473.23    1473.23       0.00 [0]    0.52130 0 24 1 1 0 0 [0] 1 0 0 1 33554432 4194304 805306368 MPIIO 0
[0] 
[0] Finished: Fri Mar 20 01:38:22 2020
[0] IOR-3.0.1: MPI Coordinated Test of Parallel I/O
[0] 
[0] Began: Fri Mar 20 01:38:31 2020
[0] Command line used:[0]  /home/kfeng/pkg_src/ior/src/ior.mpich -a MPIIO -t[0]  4m -b[0]  32m -E[0]  -k -w -o[0]  pvfs2://mnt/nvme/kfeng/pvfs2-mount2/ior.test
[0] Machine: Linux ares-comp-07
[0] 
[0] Test 0 started: Fri Mar 20 01:38:31 2020
[0] Summary:
[0] 	api                = MPIIO (version=3, subversion=1)
[0] 	test filename      = pvfs2://mnt/nvme/kfeng/pvfs2-mount2/ior.test
[0] 	access             = single-shared-file[0] 
[0] 	ordering in a file = sequential offsets[0] 
[0] 	ordering inter file=[0]  no tasks offsets
[0] 	clients            = 24 (1 per node)
[0] 	repetitions        = 1
[0] 	xfersize           = 4 MiB
[0] 	blocksize          = 32 MiB
[0] 	aggregate filesize = 768 MiB
[0] 
[0] access    bw(MiB/s)  block(KiB) xfer(KiB)  open(s)    wr/rd(s)   close(s)   total(s)   iter
[0] ------    ---------  ---------- ---------  --------   --------   --------   --------   ----
[0] write     [0] 1647.97    32768      4096       0.162434   0.303981   0.046838   [0] 0.466027   0   
[0] 
[0] Max Write: 1647.97 MiB/sec (1728.02 MB/sec)
[0] 
[0] Summary of all tests:
[0] Operation   Max(MiB)   Min(MiB)  Mean(MiB)     StdDev    Mean(s) Test# #Tasks tPN reps fPP reord reordoff reordrand seed segcnt blksiz xsize aggsize API RefNum
[0] write        1647.97    1647.97 [0]    1647.97       0.00    0.46603 [0] 0 24 1 [0] 1 0 0 [0] 1 0 0 1 [0] 33554432 4194304 805306368 MPIIO [0] 0
[0] 
[0] Finished: Fri Mar 20 01:38:32 2020
[0] IOR-3.0.1: MPI Coordinated Test of Parallel I/O
[0] 
[0] Began: Fri Mar 20 01:39:28 2020
[0] Command line used: /home/kfeng/pkg_src/ior/src/ior.mpich -a[0]  MPIIO -t 4m -b 32m -E -k -w[0]  -o pvfs2://mnt/nvme/kfeng/pvfs2-mount2/ior.test
[0] Machine: Linux ares-comp-07[0] 
[0] 
[0] Test 0 started: Fri Mar 20 01:39:28 2020
[0] Summary:
[0] 	api                = MPIIO (version=3, subversion=1)
[0] 	test filename      = pvfs2://mnt/nvme/kfeng/pvfs2-mount2/ior.test
[0] 	access             = single-shared-file
[0] 	ordering in a file = sequential offsets
[0] 	ordering inter file= no tasks offsets[0] 
[0] 	clients            = 24 (1 per node)
[0] 	repetitions        = 1
[0] 	xfersize           = 4 MiB
[0] 	blocksize          = 32 MiB
[0] 	aggregate filesize = 768 MiB
[0] 
[0] access    bw(MiB/s)  block(KiB) xfer(KiB)  open(s)    wr/rd(s)   close(s)   total(s)   iter
[0] ------    ---------  ---------- ---------  --------   --------   --------   --------   ----
[0] write     [0] 1397.30    32768      4096       [0] 0.283295   0.266443   0.062178   [0] 0.549633   0   
[0] 
[0] Max Write: 1397.30 MiB/sec (1465.17 MB/sec)
[0] 
[0] Summary of all tests:
[0] Operation   Max(MiB)   Min(MiB)  Mean(MiB)     StdDev    Mean(s) Test# #Tasks tPN reps fPP reord reordoff reordrand seed segcnt blksiz xsize aggsize API RefNum
[0] write        1397.30 [0]    1397.30    1397.30       0.00 [0]    0.54963 0 24 [0] 1 1 0 0 [0] 1 0 0 [0] 1 33554432 4194304 805306368 [0] MPIIO 0
[0] 
[0] Finished: Fri Mar 20 01:39:29 2020
[0] IOR-3.0.1: MPI Coordinated Test of Parallel I/O
[0] 
[0] Began: Fri Mar 20 01:39:38 2020
[0] Command line used: /home/kfeng/pkg_src/ior/src/ior.mpich -a[0]  MPIIO -t 4m -b 32m -E -k -w[0]  -o pvfs2://mnt/nvme/kfeng/pvfs2-mount2/ior.test
[0] Machine: Linux ares-comp-07[0] 
[0] 
[0] Test 0 started: Fri Mar 20 01:39:38 2020
[0] Summary:
[0] 	api                = MPIIO (version=3, subversion=1)
[0] 	test filename      = pvfs2://mnt/nvme/kfeng/pvfs2-mount2/ior.test
[0] 	access             = single-shared-file
[0] 	ordering in a file = sequential offsets
[0] 	ordering inter file= no tasks offsets[0] 
[0] 	clients            = 24 (1 per node)
[0] 	repetitions        = 1
[0] 	xfersize           = 4 MiB
[0] 	blocksize          = 32 MiB
[0] 	aggregate filesize = 768 MiB
[0] 
[0] access    bw(MiB/s)  block(KiB) xfer(KiB)  open(s)    wr/rd(s)   close(s)   total(s)   iter
[0] ------    ---------  ---------- ---------  --------   --------   --------   --------   ----
[0] write     [0] 2093.57    32768      4096       0.165573   [0] 0.201840   0.019948   [0] 0.366837   0   
[0] 
[0] Max Write: 2093.57 MiB/sec (2195.27 MB/sec)
[0] 
[0] Summary of all tests:
[0] Operation   Max(MiB)   Min(MiB)  Mean(MiB)     StdDev    Mean(s) Test# #Tasks tPN reps fPP reord reordoff reordrand seed segcnt blksiz xsize aggsize API RefNum
[0] write     [0]    2093.57    2093.57    2093.57 [0]       0.00    0.36684 [0] 0 24 1 1 [0] 0 0 1 [0] 0 0 1 33554432 4194304 [0] 805306368 MPIIO 0[0] 
[0] 
[0] Finished: Fri Mar 20 01:39:38 2020
[0] IOR-3.0.1: MPI Coordinated Test of Parallel I/O
[0] 
[0] Began: Fri Mar 20 01:39:47 2020
[0] Command line used: /home/kfeng/pkg_src/ior/src/ior.mpich[0]  -a MPIIO -t 4m -b 32m[0]  -E -k -w[0]  -o pvfs2://mnt/nvme/kfeng/pvfs2-mount2/ior.test
[0] Machine: Linux ares-comp-07
[0] 
[0] Test 0 started: Fri Mar 20 01:39:47 2020
[0] Summary:
[0] 	api                = MPIIO (version=3, subversion=1)
[0] 	test filename      = pvfs2://mnt/nvme/kfeng/pvfs2-mount2/ior.test
[0] 	access             = single-shared-file
[0] 	ordering in a file = sequential offsets
[0] 	ordering inter file= no tasks offsets[0] 
[0] 	clients            = 24 (1 per node)
[0] 	repetitions        = 1
[0] 	xfersize           = 4 MiB
[0] 	blocksize          = 32 MiB
[0] 	aggregate filesize = 768 MiB
[0] 
[0] access    bw(MiB/s)  block(KiB) xfer(KiB)  open(s)    wr/rd(s)   close(s)   total(s)   iter
[0] ------    ---------  ---------- ---------  --------   --------   --------   --------   ----
[0] write     [0] 2054.28    32768      4096       0.173248   0.200931   0.026936   0.373853   [0] 0   
[0] 
[0] Max Write: 2054.28 MiB/sec (2154.07 MB/sec)
[0] 
[0] Summary of all tests:
[0] Operation   Max(MiB)   Min(MiB)  Mean(MiB)     StdDev    Mean(s) Test# #Tasks tPN reps fPP reord reordoff reordrand seed segcnt blksiz xsize aggsize API RefNum
[0] write        2054.28    2054.28    2054.28       0.00    0.37385 0 [0] 24 1 1 0 0 [0] 1 0 0 1 33554432 4194304 [0] 805306368 MPIIO 0
[0] 
[0] Finished: Fri Mar 20 01:39:47 2020
[0] IOR-3.0.1: MPI Coordinated Test of Parallel I/O
[0] 
[0] Began: Fri Mar 20 01:40:46 2020
[0] Command line used: /home/kfeng/pkg_src/ior/src/ior.mpich -a[0]  MPIIO -t 4m -b 32m -E -k -w[0]  -o pvfs2://mnt/nvme/kfeng/pvfs2-mount2/ior.test
[0] Machine: Linux ares-comp-07[0] 
[0] 
[0] Test 0 started: Fri Mar 20 01:40:46 2020
[0] Summary:
[0] 	api                = MPIIO (version=3, subversion=1)
[0] 	test filename      = pvfs2://mnt/nvme/kfeng/pvfs2-mount2/ior.test
[0] 	access             = single-shared-file
[0] 	ordering in a file = sequential offsets
[0] 	ordering inter file= no tasks offsets[0] 
[0] 	clients            = 24 (1 per node)
[0] 	repetitions        = 1
[0] 	xfersize           = 4 MiB
[0] 	blocksize          = 32 MiB
[0] 	aggregate filesize = 768 MiB
[0] 
[0] access    bw(MiB/s)  block(KiB) xfer(KiB)  open(s)    wr/rd(s)   close(s)   total(s)   iter
[0] ------    ---------  ---------- ---------  --------   --------   --------   --------   ----
[0] write     [0] 1797.93    32768      4096       [0] 0.168044   0.259503   [0] 0.091124   0.427157   0   
[0] 
[0] Max Write: 1797.93 MiB/sec (1885.27 MB/sec)
[0] 
[0] Summary of all tests:
[0] Operation   Max(MiB)   Min(MiB)  Mean(MiB)     StdDev    Mean(s) Test# #Tasks tPN reps fPP reord reordoff reordrand seed segcnt blksiz xsize aggsize API RefNum
[0] write        1797.93    1797.93 [0]    1797.93       0.00 [0]    0.42716 0 24 [0] 1 1 0 0 [0] 1 0 0 1 33554432 [0] 4194304 805306368 MPIIO [0] 0
[0] 
[0] Finished: Fri Mar 20 01:40:46 2020
[0] IOR-3.0.1: MPI Coordinated Test of Parallel I/O
[0] 
[0] Began: Fri Mar 20 01:40:55 2020
[0] Command line used:[0]  /home/kfeng/pkg_src/ior/src/ior.mpich -a MPIIO -t 4m -b[0]  32m -E -k -w[0]  -o pvfs2://mnt/nvme/kfeng/pvfs2-mount2/ior.test
[0] Machine: Linux ares-comp-07
[0] 
[0] Test 0 started: Fri Mar 20 01:40:55 2020
[0] Summary:
[0] 	api                = MPIIO (version=3, subversion=1)
[0] 	test filename      = pvfs2://mnt/nvme/kfeng/pvfs2-mount2/ior.test
[0] 	access             = single-shared-file
[0] 	ordering in a file =[0]  sequential offsets
[0] 	ordering inter file= no tasks offsets
[0] 	clients            = 24 (1 per node)
[0] 	repetitions        = 1
[0] 	xfersize           = 4 MiB
[0] 	blocksize          = 32 MiB
[0] 	aggregate filesize = 768 MiB
[0] 
[0] access    bw(MiB/s)  block(KiB) xfer(KiB)  open(s)    wr/rd(s)   close(s)   total(s)   iter
[0] ------    ---------  ---------- ---------  --------   --------   --------   --------   ----
[0] write     [0] 2224.06    [0] 32768      4096       [0] 0.174869   0.171132   [0] 0.020485   0.345315   0   
[0] 
[0] Max Write: 2224.06 MiB/sec (2332.09 MB/sec)
[0] 
[0] Summary of all tests:
[0] Operation   Max(MiB)   Min(MiB)  Mean(MiB)     StdDev    Mean(s) Test# #Tasks tPN reps fPP reord reordoff reordrand seed segcnt blksiz xsize aggsize API RefNum
[0] write        2224.06 [0]    2224.06    2224.06       0.00 [0]    0.34531 0 [0] 24 1 [0] 1 0 0 1 [0] 0 0 1 33554432 4194304 805306368 MPIIO [0] 0
[0] 
[0] Finished: Fri Mar 20 01:40:56 2020
[0] IOR-3.0.1: MPI Coordinated Test of Parallel I/O
[0] 
[0] Began: Fri Mar 20 01:41:05 2020
[0] Command line used: /home/kfeng/pkg_src/ior/src/ior.mpich -a[0]  MPIIO -t 4m -b 32m -E -k -w -o[0]  pvfs2://mnt/nvme/kfeng/pvfs2-mount2/ior.test
[0] Machine: Linux ares-comp-07[0] 
[0] 
[0] Test 0 started: Fri Mar 20 01:41:05 2020
[0] Summary:
[0] 	api                = MPIIO (version=3, subversion=1)
[0] 	test filename      = pvfs2://mnt/nvme/kfeng/pvfs2-mount2/ior.test
[0] 	access             = single-shared-file
[0] 	ordering in a file = sequential offsets
[0] 	ordering inter file= no tasks offsets[0] 
[0] 	clients            = 24 (1 per node)
[0] 	repetitions        = 1
[0] 	xfersize           = 4 MiB
[0] 	blocksize          = 32 MiB
[0] 	aggregate filesize = 768 MiB
[0] 
[0] access    bw(MiB/s)  block(KiB) xfer(KiB)  open(s)    wr/rd(s)   close(s)   total(s)   iter
[0] ------    ---------  ---------- ---------  --------   --------   --------   --------   ----
[0] write     [0] 2158.10    32768      4096       0.176377   [0] 0.179834   0.029634   [0] 0.355869   0   
[0] 
[0] Max Write: 2158.10 MiB/sec (2262.93 MB/sec)
[0] 
[0] Summary of all tests:
[0] Operation   Max(MiB)   Min(MiB)  Mean(MiB)     StdDev    Mean(s) Test# #Tasks tPN reps fPP reord reordoff reordrand seed segcnt blksiz xsize aggsize API RefNum
[0] write     [0]    2158.10    2158.10 [0]    2158.10       0.00    0.35587 0 24 1 1 0 0 1 0 0 [0] 1 33554432 4194304 805306368 MPIIO 0
[0] 
[0] Finished: Fri Mar 20 01:41:05 2020
[0] IOR-3.0.1: MPI Coordinated Test of Parallel I/O
[0] 
[0] Began: Fri Mar 20 01:42:02 2020
[0] Command line used:[0]  /home/kfeng/pkg_src/ior/src/ior.mpich -a MPIIO -t 4m[0]  -b 32m -E -k[0]  -w -o pvfs2://mnt/nvme/kfeng/pvfs2-mount2/ior.test[0] 
[0] Machine: Linux ares-comp-07[0] 
[0] 
[0] Test 0 started: Fri Mar 20 01:42:02 2020
[0] Summary:
[0] 	api                = MPIIO (version=3, subversion=1)
[0] 	test filename      = pvfs2://mnt/nvme/kfeng/pvfs2-mount2/ior.test
[0] 	access             = single-shared-file
[0] 	ordering in a file =[0]  sequential offsets
[0] 	ordering inter file= no tasks offsets[0] 
[0] 	clients            = 24 (1 per node)
[0] 	repetitions        = 1
[0] 	xfersize           = 4 MiB
[0] 	blocksize          = 32 MiB
[0] 	aggregate filesize = 768 MiB
[0] 
[0] access    bw(MiB/s)  block(KiB) xfer(KiB)  open(s)    wr/rd(s)   close(s)   total(s)   iter
[0] ------    ---------  ---------- ---------  --------   --------   --------   --------   ----
[0] write     [0] 1784.73    32768      4096       [0] 0.170670   0.260093   [0] 0.037002   0.430318   0   
[0] 
[0] Max Write: 1784.73 MiB/sec (1871.42 MB/sec)
[0] 
[0] Summary of all tests:
[0] Operation   Max(MiB)   Min(MiB)  Mean(MiB)     StdDev    Mean(s) Test# #Tasks tPN reps fPP reord reordoff reordrand seed segcnt blksiz xsize aggsize API RefNum
[0] write     [0]    1784.73    1784.73 [0]    1784.73       0.00    0.43032 [0] 0 24 1 1 [0] 0 0 1 [0] 0 0 1 33554432 [0] 4194304 805306368 MPIIO 0[0] 
[0] 
[0] Finished: Fri Mar 20 01:42:03 2020
[0] IOR-3.0.1: MPI Coordinated Test of Parallel I/O
[0] 
[0] Began: Fri Mar 20 01:42:12 2020
[0] Command line used: /home/kfeng/pkg_src/ior/src/ior.mpich -a[0]  MPIIO -t 4m -b 32m -E -k -w[0]  -o pvfs2://mnt/nvme/kfeng/pvfs2-mount2/ior.test
[0] Machine: Linux ares-comp-07
[0] 
[0] Test 0 started: Fri Mar 20 01:42:12 2020
[0] Summary:
[0] 	api                = MPIIO (version=3, subversion=1)
[0] 	test filename      = pvfs2://mnt/nvme/kfeng/pvfs2-mount2/ior.test
[0] 	access             = single-shared-file
[0] 	ordering in a file = sequential offsets
[0] 	ordering inter file= no tasks offsets[0] 
[0] 	clients            = 24 (1 per node)
[0] 	repetitions        = 1
[0] 	xfersize           = 4 MiB
[0] 	blocksize          = 32 MiB
[0] 	aggregate filesize = 768 MiB
[0] 
[0] access    bw(MiB/s)  block(KiB) xfer(KiB)  open(s)    wr/rd(s)   close(s)   total(s)   iter
[0] ------    ---------  ---------- ---------  --------   --------   --------   --------   ----
[0] write     [0] 2194.34    32768      4096       0.173161   0.177137   [0] 0.025786   0.349991   0   
[0] 
[0] Max Write: 2194.34 MiB/sec (2300.93 MB/sec)
[0] 
[0] Summary of all tests:
[0] Operation   Max(MiB)   Min(MiB)  Mean(MiB)     StdDev    Mean(s) Test# #Tasks tPN reps fPP reord reordoff reordrand seed segcnt blksiz xsize aggsize API RefNum
[0] write     [0]    2194.34    2194.34 [0]    2194.34       0.00    0.34999 [0] 0 24 1 1 [0] 0 0 1 0 [0] 0 1 33554432 4194304 805306368 [0] MPIIO 0
[0] 
[0] Finished: Fri Mar 20 01:42:12 2020
[0] IOR-3.0.1: MPI Coordinated Test of Parallel I/O
[0] 
[0] Began: Fri Mar 20 01:42:21 2020
[0] Command line used: /home/kfeng/pkg_src/ior/src/ior.mpich[0]  -a MPIIO -t 4m -b 32m[0]  -E -k -w -o[0]  pvfs2://mnt/nvme/kfeng/pvfs2-mount2/ior.test
[0] Machine: Linux ares-comp-07
[0] 
[0] Test 0 started: Fri Mar 20 01:42:21 2020
[0] Summary:
[0] 	api                = MPIIO (version=3, subversion=1)
[0] 	test filename      = pvfs2://mnt/nvme/kfeng/pvfs2-mount2/ior.test
[0] 	access             = single-shared-file
[0] 	ordering in a file =[0]  sequential offsets
[0] 	ordering inter file= no tasks offsets[0] 
[0] 	clients            = 24 (1 per node)
[0] 	repetitions        = 1
[0] 	xfersize           = 4 MiB
[0] 	blocksize          = 32 MiB
[0] 	aggregate filesize = 768 MiB
[0] 
[0] access    bw(MiB/s)  block(KiB) xfer(KiB)  open(s)    wr/rd(s)   close(s)   total(s)   iter
[0] ------    ---------  ---------- ---------  --------   --------   --------   --------   ----
[0] write     [0] 2243.14    32768      4096       [0] 0.163542   0.179198   [0] 0.020236   0.342378   0   
[0] 
[0] Max Write: 2243.14 MiB/sec (2352.10 MB/sec)
[0] 
[0] Summary of all tests:
[0] Operation   Max(MiB)   Min(MiB)  Mean(MiB)     StdDev    Mean(s) Test# #Tasks tPN reps fPP reord reordoff reordrand seed segcnt blksiz xsize aggsize API RefNum
[0] write     [0]    2243.14    2243.14 [0]    2243.14       0.00    0.34238 [0] 0 24 1 [0] 1 0 0 1 [0] 0 0 1 33554432 4194304 [0] 805306368 MPIIO 0
[0] 
[0] Finished: Fri Mar 20 01:42:22 2020
[0] IOR-3.0.1: MPI Coordinated Test of Parallel I/O
[0] 
[0] Began: Fri Mar 20 01:43:19 2020
[0] Command line used: /home/kfeng/pkg_src/ior/src/ior.mpich -a[0]  MPIIO -t 4m -b 32m -E -k -w[0]  -o pvfs2://mnt/nvme/kfeng/pvfs2-mount2/ior.test
[0] Machine: Linux ares-comp-07
[0] 
[0] Test 0 started: Fri Mar 20 01:43:19 2020
[0] Summary:
[0] 	api                = MPIIO (version=3, subversion=1)
[0] 	test filename      = pvfs2://mnt/nvme/kfeng/pvfs2-mount2/ior.test
[0] 	access             = single-shared-file
[0] 	ordering in a file = sequential offsets
[0] 	ordering inter file=[0]  no tasks offsets
[0] 	clients            = 24 (1 per node)
[0] 	repetitions        = 1
[0] 	xfersize           = 4 MiB
[0] 	blocksize          = 32 MiB
[0] 	aggregate filesize = 768 MiB
[0] 
[0] access    bw(MiB/s)  block(KiB) xfer(KiB)  open(s)    wr/rd(s)   close(s)   total(s)   iter
[0] ------    ---------  ---------- ---------  --------   --------   --------   --------   ----
[0] write     [0] 1742.14    32768      4096       [0] 0.172579   0.268466   [0] 0.081475   0.440836   0   
[0] 
[0] Max Write: 1742.14 MiB/sec (1826.77 MB/sec)
[0] 
[0] Summary of all tests:
[0] Operation   Max(MiB)   Min(MiB)  Mean(MiB)     StdDev    Mean(s) Test# #Tasks tPN reps fPP reord reordoff reordrand seed segcnt blksiz xsize aggsize API RefNum
[0] write        1742.14    1742.14 [0]    1742.14       0.00    0.44084 0 24 1 1 0 [0] 0 1 0 0 1 33554432 4194304 [0] 805306368 MPIIO 0
[0] 
[0] Finished: Fri Mar 20 01:43:19 2020
[0] IOR-3.0.1: MPI Coordinated Test of Parallel I/O
[0] 
[0] Began: Fri Mar 20 01:43:28 2020
[0] Command line used: /home/kfeng/pkg_src/ior/src/ior.mpich[0]  -a MPIIO -t 4m -b 32m -E[0]  -k -w -o pvfs2://mnt/nvme/kfeng/pvfs2-mount2/ior.test[0] 
[0] Machine: Linux ares-comp-07
[0] 
[0] Test 0 started: Fri Mar 20 01:43:28 2020
[0] Summary:
[0] 	api                = MPIIO (version=3, subversion=1)
[0] 	test filename      = pvfs2://mnt/nvme/kfeng/pvfs2-mount2/ior.test
[0] 	access             = single-shared-file
[0] 	ordering in a file =[0]  sequential offsets
[0] 	ordering inter file= no tasks offsets
[0] 	clients            = 24 (1 per node)
[0] 	repetitions        = 1
[0] 	xfersize           = 4 MiB
[0] 	blocksize          = 32 MiB
[0] 	aggregate filesize = 768 MiB
[0] 
[0] access    bw(MiB/s)  block(KiB) xfer(KiB)  open(s)    wr/rd(s)   close(s)   total(s)   iter
[0] ------    ---------  ---------- ---------  --------   --------   --------   --------   ----
[0] write     [0] 2195.80    32768      4096       [0] 0.165197   0.184923   [0] 0.023238   [0] 0.349758   0   
[0] 
[0] Max Write: 2195.80 MiB/sec (2302.47 MB/sec)
[0] 
[0] Summary of all tests:
[0] Operation   Max(MiB)   Min(MiB)  Mean(MiB)     StdDev    Mean(s) Test# #Tasks tPN reps fPP reord reordoff reordrand seed segcnt blksiz xsize aggsize API RefNum
[0] write     [0]    2195.80    2195.80 [0]    2195.80       0.00 [0]    0.34976 0 [0] 24 [0] 1 [0] 1 [0] 0 0 1 [0] 0 0 1 33554432 [0] 4194304 805306368 MPIIO [0] 0
[0] 
[0] Finished: Fri Mar 20 01:43:28 2020
[0] IOR-3.0.1: MPI Coordinated Test of Parallel I/O
[0] 
[0] Began: Fri Mar 20 01:43:37 2020
[0] Command line used: /home/kfeng/pkg_src/ior/src/ior.mpich -a[0]  MPIIO -t 4m -b 32m -E -k -w[0]  -o pvfs2://mnt/nvme/kfeng/pvfs2-mount2/ior.test
[0] Machine: Linux ares-comp-07
[0] 
[0] Test 0 started: Fri Mar 20 01:43:37 2020
[0] Summary:
[0] 	api                = MPIIO (version=3, subversion=1)
[0] 	test filename      = pvfs2://mnt/nvme/kfeng/pvfs2-mount2/ior.test
[0] 	access             = single-shared-file
[0] 	ordering in a file = sequential offsets
[0] 	ordering inter file=[0]  no tasks offsets
[0] 	clients            = 24 (1 per node)
[0] 	repetitions        = 1
[0] 	xfersize           = 4 MiB
[0] 	blocksize          = 32 MiB
[0] 	aggregate filesize = 768 MiB
[0] 
[0] access    bw(MiB/s)  block(KiB) xfer(KiB)  open(s)    wr/rd(s)   close(s)   total(s)   iter
[0] ------    ---------  ---------- ---------  --------   --------   --------   --------   ----
[0] write     [0] 2206.11    32768      [0] 4096       0.171699   0.176872   [0] 0.027485   0.348124   0   
[0] 
[0] Max Write: 2206.11 MiB/sec (2313.28 MB/sec)
[0] 
[0] Summary of all tests:
[0] Operation   Max(MiB)   Min(MiB)  Mean(MiB)     StdDev    Mean(s)[0]  Test# #Tasks tPN reps fPP reord reordoff reordrand seed segcnt blksiz xsize aggsize API RefNum
[0] write     [0]    2206.11    2206.11    2206.11       0.00    0.34812 0 24 [0] 1 1 0 0 1 0 [0] 0 1 33554432 4194304 805306368 MPIIO [0] 0
[0] 
[0] Finished: Fri Mar 20 01:43:38 2020
